The system is: Linux - 2.6.32-573.8.1.el6.x86_64 - x86_64
Compiling the C compiler identification source file "CMakeCCompilerId.c" succeeded.
Compiler: /cvmfs/cms.cern.ch/slc6_amd64_gcc530/external/gcc/5.3.0/bin/cc 
Build flags: 
Id flags: 

The output was:
0


Compilation of the C compiler identification source "CMakeCCompilerId.c" produced "a.out"

The C compiler identification is GNU, found in "/cmsdata3/kaveh/workarea/CMSSW_8_0_26_patch1/src/whelicity1/MiniAnalyzer/plugins/CMakeFiles/2.8.12.2/CompilerIdC/a.out"

Compiling the CXX compiler identification source file "CMakeCXXCompilerId.cpp" succeeded.
Compiler: /cvmfs/cms.cern.ch/slc6_amd64_gcc530/external/gcc/5.3.0/bin/c++ 
Build flags: --std=gnu++11;;
Id flags: 

The output was:
0


Compilation of the CXX compiler identification source "CMakeCXXCompilerId.cpp" produced "a.out"

The CXX compiler identification is GNU, found in "/cmsdata3/kaveh/workarea/CMSSW_8_0_26_patch1/src/whelicity1/MiniAnalyzer/plugins/CMakeFiles/2.8.12.2/CompilerIdCXX/a.out"

Determining if the C compiler works passed with the following output:
Change Dir: /cmsdata3/kaveh/workarea/CMSSW_8_0_26_patch1/src/whelicity1/MiniAnalyzer/plugins/CMakeFiles/CMakeTmp

Run Build Command:/cvmfs/cms.cern.ch/slc6_amd64_gcc530/cms/cmssw-patch/CMSSW_8_0_26_patch1/external/slc6_amd64_gcc530/bin/gmake "cmTryCompileExec2494135235/fast"
/cvmfs/cms.cern.ch/slc6_amd64_gcc530/cms/cmssw-patch/CMSSW_8_0_26_patch1/external/slc6_amd64_gcc530/bin/gmake -f CMakeFiles/cmTryCompileExec2494135235.dir/build.make CMakeFiles/cmTryCompileExec2494135235.dir/build
gmake[1]: Entering directory '/cmsdata3/kaveh/workarea/CMSSW_8_0_26_patch1/src/whelicity1/MiniAnalyzer/plugins/CMakeFiles/CMakeTmp'
/usr/bin/cmake -E cmake_progress_report /cmsdata3/kaveh/workarea/CMSSW_8_0_26_patch1/src/whelicity1/MiniAnalyzer/plugins/CMakeFiles/CMakeTmp/CMakeFiles 1
Building C object CMakeFiles/cmTryCompileExec2494135235.dir/testCCompiler.c.o
/cvmfs/cms.cern.ch/slc6_amd64_gcc530/external/gcc/5.3.0/bin/cc    -o CMakeFiles/cmTryCompileExec2494135235.dir/testCCompiler.c.o   -c /cmsdata3/kaveh/workarea/CMSSW_8_0_26_patch1/src/whelicity1/MiniAnalyzer/plugins/CMakeFiles/CMakeTmp/testCCompiler.c
Linking C executable cmTryCompileExec2494135235
/usr/bin/cmake -E cmake_link_script CMakeFiles/cmTryCompileExec2494135235.dir/link.txt --verbose=1
/cvmfs/cms.cern.ch/slc6_amd64_gcc530/external/gcc/5.3.0/bin/cc       CMakeFiles/cmTryCompileExec2494135235.dir/testCCompiler.c.o  -o cmTryCompileExec2494135235 -rdynamic 
gmake[1]: Leaving directory '/cmsdata3/kaveh/workarea/CMSSW_8_0_26_patch1/src/whelicity1/MiniAnalyzer/plugins/CMakeFiles/CMakeTmp'


Detecting C compiler ABI info compiled with the following output:
Change Dir: /cmsdata3/kaveh/workarea/CMSSW_8_0_26_patch1/src/whelicity1/MiniAnalyzer/plugins/CMakeFiles/CMakeTmp

Run Build Command:/cvmfs/cms.cern.ch/slc6_amd64_gcc530/cms/cmssw-patch/CMSSW_8_0_26_patch1/external/slc6_amd64_gcc530/bin/gmake "cmTryCompileExec2088166479/fast"
/cvmfs/cms.cern.ch/slc6_amd64_gcc530/cms/cmssw-patch/CMSSW_8_0_26_patch1/external/slc6_amd64_gcc530/bin/gmake -f CMakeFiles/cmTryCompileExec2088166479.dir/build.make CMakeFiles/cmTryCompileExec2088166479.dir/build
gmake[1]: Entering directory '/cmsdata3/kaveh/workarea/CMSSW_8_0_26_patch1/src/whelicity1/MiniAnalyzer/plugins/CMakeFiles/CMakeTmp'
/usr/bin/cmake -E cmake_progress_report /cmsdata3/kaveh/workarea/CMSSW_8_0_26_patch1/src/whelicity1/MiniAnalyzer/plugins/CMakeFiles/CMakeTmp/CMakeFiles 1
Building C object CMakeFiles/cmTryCompileExec2088166479.dir/CMakeCCompilerABI.c.o
/cvmfs/cms.cern.ch/slc6_amd64_gcc530/external/gcc/5.3.0/bin/cc    -o CMakeFiles/cmTryCompileExec2088166479.dir/CMakeCCompilerABI.c.o   -c /usr/share/cmake/Modules/CMakeCCompilerABI.c
Linking C executable cmTryCompileExec2088166479
/usr/bin/cmake -E cmake_link_script CMakeFiles/cmTryCompileExec2088166479.dir/link.txt --verbose=1
/cvmfs/cms.cern.ch/slc6_amd64_gcc530/external/gcc/5.3.0/bin/cc     -v CMakeFiles/cmTryCompileExec2088166479.dir/CMakeCCompilerABI.c.o  -o cmTryCompileExec2088166479 -rdynamic  
Using built-in specs.
COLLECT_GCC=/cvmfs/cms.cern.ch/slc6_amd64_gcc530/external/gcc/5.3.0/bin/cc
COLLECT_LTO_WRAPPER=/cvmfs/cms.cern.ch/slc6_amd64_gcc530/external/gcc/5.3.0/bin/../libexec/gcc/x86_64-pc-linux-gnu/5.3.0/lto-wrapper
Target: x86_64-pc-linux-gnu
Configured with: ../configure --prefix=/mnt/build/davidlt/gcc530_final/b/tmp/BUILDROOT/d789332976c22ed699714f40f74263c7/opt/cmssw/slc6_amd64_gcc530/external/gcc/5.3.0 --disable-multilib --disable-nls --disable-dssi --enable-languages=c,c++,fortran --enable-gnu-indirect-function --enable-__cxa_atexit --disable-libunwind-exceptions --enable-gnu-unique-object --enable-plugin --with-linker-hash-style=gnu --enable-linker-build-id --enable-gold=yes --enable-ld=default --enable-lto --with-gmp=/mnt/build/davidlt/gcc530_final/b/tmp/BUILDROOT/d789332976c22ed699714f40f74263c7/opt/cmssw/slc6_amd64_gcc530/external/gcc/5.3.0 --with-mpfr=/mnt/build/davidlt/gcc530_final/b/tmp/BUILDROOT/d789332976c22ed699714f40f74263c7/opt/cmssw/slc6_amd64_gcc530/external/gcc/5.3.0 --enable-bootstrap --with-mpc=/mnt/build/davidlt/gcc530_final/b/tmp/BUILDROOT/d789332976c22ed699714f40f74263c7/opt/cmssw/slc6_amd64_gcc530/external/gcc/5.3.0 --with-isl=/mnt/build/davidlt/gcc530_final/b/tmp/BUILDROOT/d789332976c22ed699714f40f74263c7/opt/cmssw/slc6_amd64_gcc530/external/gcc/5.3.0 --with-default-libstdcxx-abi=gcc4-compatible --enable-checking=release --build=x86_64-pc-linux-gnu --host=x86_64-pc-linux-gnu --enable-libstdcxx-time=rt --enable-shared --disable-libgcj CC='gcc -fPIC' CXX='c++ -fPIC' CPP=cpp CXXCPP='c++ -E' CFLAGS=-I/mnt/build/davidlt/gcc530_final/b/tmp/BUILDROOT/d789332976c22ed699714f40f74263c7/opt/cmssw/slc6_amd64_gcc530/external/gcc/5.3.0/tmp/sw/include CXXFLAGS=-I/mnt/build/davidlt/gcc530_final/b/tmp/BUILDROOT/d789332976c22ed699714f40f74263c7/opt/cmssw/slc6_amd64_gcc530/external/gcc/5.3.0/tmp/sw/include LDFLAGS=-L/mnt/build/davidlt/gcc530_final/b/tmp/BUILDROOT/d789332976c22ed699714f40f74263c7/opt/cmssw/slc6_amd64_gcc530/external/gcc/5.3.0/tmp/sw/lib
Thread model: posix
gcc version 5.3.0 (GCC) 
COMPILER_PATH=/cvmfs/cms.cern.ch/slc6_amd64_gcc530/external/gcc/5.3.0/bin/../libexec/gcc/x86_64-pc-linux-gnu/5.3.0/:/cvmfs/cms.cern.ch/slc6_amd64_gcc530/external/gcc/5.3.0/bin/../libexec/gcc/:/cvmfs/cms.cern.ch/slc6_amd64_gcc530/external/gcc/5.3.0/bin/../lib/gcc/x86_64-pc-linux-gnu/5.3.0/../../../../x86_64-pc-linux-gnu/bin/
LIBRARY_PATH=/cvmfs/cms.cern.ch/slc6_amd64_gcc530/external/gcc/5.3.0/bin/../lib/gcc/x86_64-pc-linux-gnu/5.3.0/:/cvmfs/cms.cern.ch/slc6_amd64_gcc530/external/gcc/5.3.0/bin/../lib/gcc/:/cvmfs/cms.cern.ch/slc6_amd64_gcc530/external/gcc/5.3.0/bin/../lib/gcc/x86_64-pc-linux-gnu/5.3.0/../../../../lib64/:/lib/../lib64/:/usr/lib/../lib64/:/cvmfs/cms.cern.ch/slc6_amd64_gcc530/external/gcc/5.3.0/bin/../lib/gcc/x86_64-pc-linux-gnu/5.3.0/../../../../x86_64-pc-linux-gnu/lib/:/cvmfs/cms.cern.ch/slc6_amd64_gcc530/external/gcc/5.3.0/bin/../lib/gcc/x86_64-pc-linux-gnu/5.3.0/../../../:/lib/:/usr/lib/
COLLECT_GCC_OPTIONS='-v' '-o' 'cmTryCompileExec2088166479' '-rdynamic' '-mtune=generic' '-march=x86-64'
 /cvmfs/cms.cern.ch/slc6_amd64_gcc530/external/gcc/5.3.0/bin/../libexec/gcc/x86_64-pc-linux-gnu/5.3.0/collect2 -plugin /cvmfs/cms.cern.ch/slc6_amd64_gcc530/external/gcc/5.3.0/bin/../libexec/gcc/x86_64-pc-linux-gnu/5.3.0/liblto_plugin.so -plugin-opt=/cvmfs/cms.cern.ch/slc6_amd64_gcc530/external/gcc/5.3.0/bin/../libexec/gcc/x86_64-pc-linux-gnu/5.3.0/lto-wrapper -plugin-opt=-fresolution=/tmp/kaveh/ccEJ1BtX.res -plugin-opt=-pass-through=-lgcc -plugin-opt=-pass-through=-lgcc_s -plugin-opt=-pass-through=-lc -plugin-opt=-pass-through=-lgcc -plugin-opt=-pass-through=-lgcc_s --build-id --eh-frame-hdr --hash-style=gnu -m elf_x86_64 -export-dynamic -dynamic-linker /lib64/ld-linux-x86-64.so.2 -z common-page-size=4096 -z max-page-size=4096 -o cmTryCompileExec2088166479 /usr/lib/../lib64/crt1.o /usr/lib/../lib64/crti.o /cvmfs/cms.cern.ch/slc6_amd64_gcc530/external/gcc/5.3.0/bin/../lib/gcc/x86_64-pc-linux-gnu/5.3.0/crtbegin.o -L/cvmfs/cms.cern.ch/slc6_amd64_gcc530/external/gcc/5.3.0/bin/../lib/gcc/x86_64-pc-linux-gnu/5.3.0 -L/cvmfs/cms.cern.ch/slc6_amd64_gcc530/external/gcc/5.3.0/bin/../lib/gcc -L/cvmfs/cms.cern.ch/slc6_amd64_gcc530/external/gcc/5.3.0/bin/../lib/gcc/x86_64-pc-linux-gnu/5.3.0/../../../../lib64 -L/lib/../lib64 -L/usr/lib/../lib64 -L/cvmfs/cms.cern.ch/slc6_amd64_gcc530/external/gcc/5.3.0/bin/../lib/gcc/x86_64-pc-linux-gnu/5.3.0/../../../../x86_64-pc-linux-gnu/lib -L/cvmfs/cms.cern.ch/slc6_amd64_gcc530/external/gcc/5.3.0/bin/../lib/gcc/x86_64-pc-linux-gnu/5.3.0/../../.. CMakeFiles/cmTryCompileExec2088166479.dir/CMakeCCompilerABI.c.o -lgcc --as-needed -lgcc_s --no-as-needed -lc -lgcc --as-needed -lgcc_s --no-as-needed /cvmfs/cms.cern.ch/slc6_amd64_gcc530/external/gcc/5.3.0/bin/../lib/gcc/x86_64-pc-linux-gnu/5.3.0/crtend.o /usr/lib/../lib64/crtn.o
gmake[1]: Leaving directory '/cmsdata3/kaveh/workarea/CMSSW_8_0_26_patch1/src/whelicity1/MiniAnalyzer/plugins/CMakeFiles/CMakeTmp'


Parsed C implicit link information from above output:
  link line regex: [^( *|.*[/\])(ld|([^/\]+-)?ld|collect2)[^/\]*( |$)]
  ignore line: [Change Dir: /cmsdata3/kaveh/workarea/CMSSW_8_0_26_patch1/src/whelicity1/MiniAnalyzer/plugins/CMakeFiles/CMakeTmp]
  ignore line: []
  ignore line: [Run Build Command:/cvmfs/cms.cern.ch/slc6_amd64_gcc530/cms/cmssw-patch/CMSSW_8_0_26_patch1/external/slc6_amd64_gcc530/bin/gmake "cmTryCompileExec2088166479/fast"]
  ignore line: [/cvmfs/cms.cern.ch/slc6_amd64_gcc530/cms/cmssw-patch/CMSSW_8_0_26_patch1/external/slc6_amd64_gcc530/bin/gmake -f CMakeFiles/cmTryCompileExec2088166479.dir/build.make CMakeFiles/cmTryCompileExec2088166479.dir/build]
  ignore line: [gmake[1]: Entering directory '/cmsdata3/kaveh/workarea/CMSSW_8_0_26_patch1/src/whelicity1/MiniAnalyzer/plugins/CMakeFiles/CMakeTmp']
  ignore line: [/usr/bin/cmake -E cmake_progress_report /cmsdata3/kaveh/workarea/CMSSW_8_0_26_patch1/src/whelicity1/MiniAnalyzer/plugins/CMakeFiles/CMakeTmp/CMakeFiles 1]
  ignore line: [Building C object CMakeFiles/cmTryCompileExec2088166479.dir/CMakeCCompilerABI.c.o]
  ignore line: [/cvmfs/cms.cern.ch/slc6_amd64_gcc530/external/gcc/5.3.0/bin/cc    -o CMakeFiles/cmTryCompileExec2088166479.dir/CMakeCCompilerABI.c.o   -c /usr/share/cmake/Modules/CMakeCCompilerABI.c]
  ignore line: [Linking C executable cmTryCompileExec2088166479]
  ignore line: [/usr/bin/cmake -E cmake_link_script CMakeFiles/cmTryCompileExec2088166479.dir/link.txt --verbose=1]
  ignore line: [/cvmfs/cms.cern.ch/slc6_amd64_gcc530/external/gcc/5.3.0/bin/cc     -v CMakeFiles/cmTryCompileExec2088166479.dir/CMakeCCompilerABI.c.o  -o cmTryCompileExec2088166479 -rdynamic  ]
  ignore line: [Using built-in specs.]
  ignore line: [COLLECT_GCC=/cvmfs/cms.cern.ch/slc6_amd64_gcc530/external/gcc/5.3.0/bin/cc]
  ignore line: [COLLECT_LTO_WRAPPER=/cvmfs/cms.cern.ch/slc6_amd64_gcc530/external/gcc/5.3.0/bin/../libexec/gcc/x86_64-pc-linux-gnu/5.3.0/lto-wrapper]
  ignore line: [Target: x86_64-pc-linux-gnu]
  ignore line: [Configured with: ../configure --prefix=/mnt/build/davidlt/gcc530_final/b/tmp/BUILDROOT/d789332976c22ed699714f40f74263c7/opt/cmssw/slc6_amd64_gcc530/external/gcc/5.3.0 --disable-multilib --disable-nls --disable-dssi --enable-languages=c,c++,fortran --enable-gnu-indirect-function --enable-__cxa_atexit --disable-libunwind-exceptions --enable-gnu-unique-object --enable-plugin --with-linker-hash-style=gnu --enable-linker-build-id --enable-gold=yes --enable-ld=default --enable-lto --with-gmp=/mnt/build/davidlt/gcc530_final/b/tmp/BUILDROOT/d789332976c22ed699714f40f74263c7/opt/cmssw/slc6_amd64_gcc530/external/gcc/5.3.0 --with-mpfr=/mnt/build/davidlt/gcc530_final/b/tmp/BUILDROOT/d789332976c22ed699714f40f74263c7/opt/cmssw/slc6_amd64_gcc530/external/gcc/5.3.0 --enable-bootstrap --with-mpc=/mnt/build/davidlt/gcc530_final/b/tmp/BUILDROOT/d789332976c22ed699714f40f74263c7/opt/cmssw/slc6_amd64_gcc530/external/gcc/5.3.0 --with-isl=/mnt/build/davidlt/gcc530_final/b/tmp/BUILDROOT/d789332976c22ed699714f40f74263c7/opt/cmssw/slc6_amd64_gcc530/external/gcc/5.3.0 --with-default-libstdcxx-abi=gcc4-compatible --enable-checking=release --build=x86_64-pc-linux-gnu --host=x86_64-pc-linux-gnu --enable-libstdcxx-time=rt --enable-shared --disable-libgcj CC='gcc -fPIC' CXX='c++ -fPIC' CPP=cpp CXXCPP='c++ -E' CFLAGS=-I/mnt/build/davidlt/gcc530_final/b/tmp/BUILDROOT/d789332976c22ed699714f40f74263c7/opt/cmssw/slc6_amd64_gcc530/external/gcc/5.3.0/tmp/sw/include CXXFLAGS=-I/mnt/build/davidlt/gcc530_final/b/tmp/BUILDROOT/d789332976c22ed699714f40f74263c7/opt/cmssw/slc6_amd64_gcc530/external/gcc/5.3.0/tmp/sw/include LDFLAGS=-L/mnt/build/davidlt/gcc530_final/b/tmp/BUILDROOT/d789332976c22ed699714f40f74263c7/opt/cmssw/slc6_amd64_gcc530/external/gcc/5.3.0/tmp/sw/lib]
  ignore line: [Thread model: posix]
  ignore line: [gcc version 5.3.0 (GCC) ]
  ignore line: [COMPILER_PATH=/cvmfs/cms.cern.ch/slc6_amd64_gcc530/external/gcc/5.3.0/bin/../libexec/gcc/x86_64-pc-linux-gnu/5.3.0/:/cvmfs/cms.cern.ch/slc6_amd64_gcc530/external/gcc/5.3.0/bin/../libexec/gcc/:/cvmfs/cms.cern.ch/slc6_amd64_gcc530/external/gcc/5.3.0/bin/../lib/gcc/x86_64-pc-linux-gnu/5.3.0/../../../../x86_64-pc-linux-gnu/bin/]
  ignore line: [LIBRARY_PATH=/cvmfs/cms.cern.ch/slc6_amd64_gcc530/external/gcc/5.3.0/bin/../lib/gcc/x86_64-pc-linux-gnu/5.3.0/:/cvmfs/cms.cern.ch/slc6_amd64_gcc530/external/gcc/5.3.0/bin/../lib/gcc/:/cvmfs/cms.cern.ch/slc6_amd64_gcc530/external/gcc/5.3.0/bin/../lib/gcc/x86_64-pc-linux-gnu/5.3.0/../../../../lib64/:/lib/../lib64/:/usr/lib/../lib64/:/cvmfs/cms.cern.ch/slc6_amd64_gcc530/external/gcc/5.3.0/bin/../lib/gcc/x86_64-pc-linux-gnu/5.3.0/../../../../x86_64-pc-linux-gnu/lib/:/cvmfs/cms.cern.ch/slc6_amd64_gcc530/external/gcc/5.3.0/bin/../lib/gcc/x86_64-pc-linux-gnu/5.3.0/../../../:/lib/:/usr/lib/]
  ignore line: [COLLECT_GCC_OPTIONS='-v' '-o' 'cmTryCompileExec2088166479' '-rdynamic' '-mtune=generic' '-march=x86-64']
  link line: [ /cvmfs/cms.cern.ch/slc6_amd64_gcc530/external/gcc/5.3.0/bin/../libexec/gcc/x86_64-pc-linux-gnu/5.3.0/collect2 -plugin /cvmfs/cms.cern.ch/slc6_amd64_gcc530/external/gcc/5.3.0/bin/../libexec/gcc/x86_64-pc-linux-gnu/5.3.0/liblto_plugin.so -plugin-opt=/cvmfs/cms.cern.ch/slc6_amd64_gcc530/external/gcc/5.3.0/bin/../libexec/gcc/x86_64-pc-linux-gnu/5.3.0/lto-wrapper -plugin-opt=-fresolution=/tmp/kaveh/ccEJ1BtX.res -plugin-opt=-pass-through=-lgcc -plugin-opt=-pass-through=-lgcc_s -plugin-opt=-pass-through=-lc -plugin-opt=-pass-through=-lgcc -plugin-opt=-pass-through=-lgcc_s --build-id --eh-frame-hdr --hash-style=gnu -m elf_x86_64 -export-dynamic -dynamic-linker /lib64/ld-linux-x86-64.so.2 -z common-page-size=4096 -z max-page-size=4096 -o cmTryCompileExec2088166479 /usr/lib/../lib64/crt1.o /usr/lib/../lib64/crti.o /cvmfs/cms.cern.ch/slc6_amd64_gcc530/external/gcc/5.3.0/bin/../lib/gcc/x86_64-pc-linux-gnu/5.3.0/crtbegin.o -L/cvmfs/cms.cern.ch/slc6_amd64_gcc530/external/gcc/5.3.0/bin/../lib/gcc/x86_64-pc-linux-gnu/5.3.0 -L/cvmfs/cms.cern.ch/slc6_amd64_gcc530/external/gcc/5.3.0/bin/../lib/gcc -L/cvmfs/cms.cern.ch/slc6_amd64_gcc530/external/gcc/5.3.0/bin/../lib/gcc/x86_64-pc-linux-gnu/5.3.0/../../../../lib64 -L/lib/../lib64 -L/usr/lib/../lib64 -L/cvmfs/cms.cern.ch/slc6_amd64_gcc530/external/gcc/5.3.0/bin/../lib/gcc/x86_64-pc-linux-gnu/5.3.0/../../../../x86_64-pc-linux-gnu/lib -L/cvmfs/cms.cern.ch/slc6_amd64_gcc530/external/gcc/5.3.0/bin/../lib/gcc/x86_64-pc-linux-gnu/5.3.0/../../.. CMakeFiles/cmTryCompileExec2088166479.dir/CMakeCCompilerABI.c.o -lgcc --as-needed -lgcc_s --no-as-needed -lc -lgcc --as-needed -lgcc_s --no-as-needed /cvmfs/cms.cern.ch/slc6_amd64_gcc530/external/gcc/5.3.0/bin/../lib/gcc/x86_64-pc-linux-gnu/5.3.0/crtend.o /usr/lib/../lib64/crtn.o]
    arg [/cvmfs/cms.cern.ch/slc6_amd64_gcc530/external/gcc/5.3.0/bin/../libexec/gcc/x86_64-pc-linux-gnu/5.3.0/collect2] ==> ignore
    arg [-plugin] ==> ignore
    arg [/cvmfs/cms.cern.ch/slc6_amd64_gcc530/external/gcc/5.3.0/bin/../libexec/gcc/x86_64-pc-linux-gnu/5.3.0/liblto_plugin.so] ==> ignore
    arg [-plugin-opt=/cvmfs/cms.cern.ch/slc6_amd64_gcc530/external/gcc/5.3.0/bin/../libexec/gcc/x86_64-pc-linux-gnu/5.3.0/lto-wrapper] ==> ignore
    arg [-plugin-opt=-fresolution=/tmp/kaveh/ccEJ1BtX.res] ==> ignore
    arg [-plugin-opt=-pass-through=-lgcc] ==> ignore
    arg [-plugin-opt=-pass-through=-lgcc_s] ==> ignore
    arg [-plugin-opt=-pass-through=-lc] ==> ignore
    arg [-plugin-opt=-pass-through=-lgcc] ==> ignore
    arg [-plugin-opt=-pass-through=-lgcc_s] ==> ignore
    arg [--build-id] ==> ignore
    arg [--eh-frame-hdr] ==> ignore
    arg [--hash-style=gnu] ==> ignore
    arg [-m] ==> ignore
    arg [elf_x86_64] ==> ignore
    arg [-export-dynamic] ==> ignore
    arg [-dynamic-linker] ==> ignore
    arg [/lib64/ld-linux-x86-64.so.2] ==> ignore
    arg [-zcommon-page-size=4096] ==> ignore
    arg [-zmax-page-size=4096] ==> ignore
    arg [-o] ==> ignore
    arg [cmTryCompileExec2088166479] ==> ignore
    arg [/usr/lib/../lib64/crt1.o] ==> ignore
    arg [/usr/lib/../lib64/crti.o] ==> ignore
    arg [/cvmfs/cms.cern.ch/slc6_amd64_gcc530/external/gcc/5.3.0/bin/../lib/gcc/x86_64-pc-linux-gnu/5.3.0/crtbegin.o] ==> ignore
    arg [-L/cvmfs/cms.cern.ch/slc6_amd64_gcc530/external/gcc/5.3.0/bin/../lib/gcc/x86_64-pc-linux-gnu/5.3.0] ==> dir [/cvmfs/cms.cern.ch/slc6_amd64_gcc530/external/gcc/5.3.0/bin/../lib/gcc/x86_64-pc-linux-gnu/5.3.0]
    arg [-L/cvmfs/cms.cern.ch/slc6_amd64_gcc530/external/gcc/5.3.0/bin/../lib/gcc] ==> dir [/cvmfs/cms.cern.ch/slc6_amd64_gcc530/external/gcc/5.3.0/bin/../lib/gcc]
    arg [-L/cvmfs/cms.cern.ch/slc6_amd64_gcc530/external/gcc/5.3.0/bin/../lib/gcc/x86_64-pc-linux-gnu/5.3.0/../../../../lib64] ==> dir [/cvmfs/cms.cern.ch/slc6_amd64_gcc530/external/gcc/5.3.0/bin/../lib/gcc/x86_64-pc-linux-gnu/5.3.0/../../../../lib64]
    arg [-L/lib/../lib64] ==> dir [/lib/../lib64]
    arg [-L/usr/lib/../lib64] ==> dir [/usr/lib/../lib64]
    arg [-L/cvmfs/cms.cern.ch/slc6_amd64_gcc530/external/gcc/5.3.0/bin/../lib/gcc/x86_64-pc-linux-gnu/5.3.0/../../../../x86_64-pc-linux-gnu/lib] ==> dir [/cvmfs/cms.cern.ch/slc6_amd64_gcc530/external/gcc/5.3.0/bin/../lib/gcc/x86_64-pc-linux-gnu/5.3.0/../../../../x86_64-pc-linux-gnu/lib]
    arg [-L/cvmfs/cms.cern.ch/slc6_amd64_gcc530/external/gcc/5.3.0/bin/../lib/gcc/x86_64-pc-linux-gnu/5.3.0/../../..] ==> dir [/cvmfs/cms.cern.ch/slc6_amd64_gcc530/external/gcc/5.3.0/bin/../lib/gcc/x86_64-pc-linux-gnu/5.3.0/../../..]
    arg [CMakeFiles/cmTryCompileExec2088166479.dir/CMakeCCompilerABI.c.o] ==> ignore
    arg [-lgcc] ==> lib [gcc]
    arg [--as-needed] ==> ignore
    arg [-lgcc_s] ==> lib [gcc_s]
    arg [--no-as-needed] ==> ignore
    arg [-lc] ==> lib [c]
    arg [-lgcc] ==> lib [gcc]
    arg [--as-needed] ==> ignore
    arg [-lgcc_s] ==> lib [gcc_s]
    arg [--no-as-needed] ==> ignore
    arg [/cvmfs/cms.cern.ch/slc6_amd64_gcc530/external/gcc/5.3.0/bin/../lib/gcc/x86_64-pc-linux-gnu/5.3.0/crtend.o] ==> ignore
    arg [/usr/lib/../lib64/crtn.o] ==> ignore
  remove lib [gcc]
  remove lib [gcc_s]
  remove lib [gcc]
  remove lib [gcc_s]
  collapse library dir [/cvmfs/cms.cern.ch/slc6_amd64_gcc530/external/gcc/5.3.0/bin/../lib/gcc/x86_64-pc-linux-gnu/5.3.0] ==> [/cvmfs/cms.cern.ch/slc6_amd64_gcc530/external/gcc/5.3.0/lib/gcc/x86_64-pc-linux-gnu/5.3.0]
  collapse library dir [/cvmfs/cms.cern.ch/slc6_amd64_gcc530/external/gcc/5.3.0/bin/../lib/gcc] ==> [/cvmfs/cms.cern.ch/slc6_amd64_gcc530/external/gcc/5.3.0/lib/gcc]
  collapse library dir [/cvmfs/cms.cern.ch/slc6_amd64_gcc530/external/gcc/5.3.0/bin/../lib/gcc/x86_64-pc-linux-gnu/5.3.0/../../../../lib64] ==> [/cvmfs/cms.cern.ch/slc6_amd64_gcc530/external/gcc/5.3.0/lib64]
  collapse library dir [/lib/../lib64] ==> [/lib64]
  collapse library dir [/usr/lib/../lib64] ==> [/usr/lib64]
  collapse library dir [/cvmfs/cms.cern.ch/slc6_amd64_gcc530/external/gcc/5.3.0/bin/../lib/gcc/x86_64-pc-linux-gnu/5.3.0/../../../../x86_64-pc-linux-gnu/lib] ==> [/cvmfs/cms.cern.ch/slc6_amd64_gcc530/external/gcc/5.3.0/x86_64-pc-linux-gnu/lib]
  collapse library dir [/cvmfs/cms.cern.ch/slc6_amd64_gcc530/external/gcc/5.3.0/bin/../lib/gcc/x86_64-pc-linux-gnu/5.3.0/../../..] ==> [/cvmfs/cms.cern.ch/slc6_amd64_gcc530/external/gcc/5.3.0/lib]
  implicit libs: [c]
  implicit dirs: [/cvmfs/cms.cern.ch/slc6_amd64_gcc530/external/gcc/5.3.0/lib/gcc/x86_64-pc-linux-gnu/5.3.0;/cvmfs/cms.cern.ch/slc6_amd64_gcc530/external/gcc/5.3.0/lib/gcc;/cvmfs/cms.cern.ch/slc6_amd64_gcc530/external/gcc/5.3.0/lib64;/lib64;/usr/lib64;/cvmfs/cms.cern.ch/slc6_amd64_gcc530/external/gcc/5.3.0/x86_64-pc-linux-gnu/lib;/cvmfs/cms.cern.ch/slc6_amd64_gcc530/external/gcc/5.3.0/lib]
  implicit fwks: []


Determining if the CXX compiler works passed with the following output:
Change Dir: /cmsdata3/kaveh/workarea/CMSSW_8_0_26_patch1/src/whelicity1/MiniAnalyzer/plugins/CMakeFiles/CMakeTmp

Run Build Command:/cvmfs/cms.cern.ch/slc6_amd64_gcc530/cms/cmssw-patch/CMSSW_8_0_26_patch1/external/slc6_amd64_gcc530/bin/gmake "cmTryCompileExec1757650630/fast"
/cvmfs/cms.cern.ch/slc6_amd64_gcc530/cms/cmssw-patch/CMSSW_8_0_26_patch1/external/slc6_amd64_gcc530/bin/gmake -f CMakeFiles/cmTryCompileExec1757650630.dir/build.make CMakeFiles/cmTryCompileExec1757650630.dir/build
gmake[1]: Entering directory '/cmsdata3/kaveh/workarea/CMSSW_8_0_26_patch1/src/whelicity1/MiniAnalyzer/plugins/CMakeFiles/CMakeTmp'
/usr/bin/cmake -E cmake_progress_report /cmsdata3/kaveh/workarea/CMSSW_8_0_26_patch1/src/whelicity1/MiniAnalyzer/plugins/CMakeFiles/CMakeTmp/CMakeFiles 1
Building CXX object CMakeFiles/cmTryCompileExec1757650630.dir/testCXXCompiler.cxx.o
/cvmfs/cms.cern.ch/slc6_amd64_gcc530/external/gcc/5.3.0/bin/c++     -o CMakeFiles/cmTryCompileExec1757650630.dir/testCXXCompiler.cxx.o -c /cmsdata3/kaveh/workarea/CMSSW_8_0_26_patch1/src/whelicity1/MiniAnalyzer/plugins/CMakeFiles/CMakeTmp/testCXXCompiler.cxx
Linking CXX executable cmTryCompileExec1757650630
/usr/bin/cmake -E cmake_link_script CMakeFiles/cmTryCompileExec1757650630.dir/link.txt --verbose=1
/cvmfs/cms.cern.ch/slc6_amd64_gcc530/external/gcc/5.3.0/bin/c++        CMakeFiles/cmTryCompileExec1757650630.dir/testCXXCompiler.cxx.o  -o cmTryCompileExec1757650630 -rdynamic 
gmake[1]: Leaving directory '/cmsdata3/kaveh/workarea/CMSSW_8_0_26_patch1/src/whelicity1/MiniAnalyzer/plugins/CMakeFiles/CMakeTmp'


Detecting CXX compiler ABI info compiled with the following output:
Change Dir: /cmsdata3/kaveh/workarea/CMSSW_8_0_26_patch1/src/whelicity1/MiniAnalyzer/plugins/CMakeFiles/CMakeTmp

Run Build Command:/cvmfs/cms.cern.ch/slc6_amd64_gcc530/cms/cmssw-patch/CMSSW_8_0_26_patch1/external/slc6_amd64_gcc530/bin/gmake "cmTryCompileExec1252467591/fast"
/cvmfs/cms.cern.ch/slc6_amd64_gcc530/cms/cmssw-patch/CMSSW_8_0_26_patch1/external/slc6_amd64_gcc530/bin/gmake -f CMakeFiles/cmTryCompileExec1252467591.dir/build.make CMakeFiles/cmTryCompileExec1252467591.dir/build
gmake[1]: Entering directory '/cmsdata3/kaveh/workarea/CMSSW_8_0_26_patch1/src/whelicity1/MiniAnalyzer/plugins/CMakeFiles/CMakeTmp'
/usr/bin/cmake -E cmake_progress_report /cmsdata3/kaveh/workarea/CMSSW_8_0_26_patch1/src/whelicity1/MiniAnalyzer/plugins/CMakeFiles/CMakeTmp/CMakeFiles 1
Building CXX object CMakeFiles/cmTryCompileExec1252467591.dir/CMakeCXXCompilerABI.cpp.o
/cvmfs/cms.cern.ch/slc6_amd64_gcc530/external/gcc/5.3.0/bin/c++     -o CMakeFiles/cmTryCompileExec1252467591.dir/CMakeCXXCompilerABI.cpp.o -c /usr/share/cmake/Modules/CMakeCXXCompilerABI.cpp
Linking CXX executable cmTryCompileExec1252467591
/usr/bin/cmake -E cmake_link_script CMakeFiles/cmTryCompileExec1252467591.dir/link.txt --verbose=1
/cvmfs/cms.cern.ch/slc6_amd64_gcc530/external/gcc/5.3.0/bin/c++      -v CMakeFiles/cmTryCompileExec1252467591.dir/CMakeCXXCompilerABI.cpp.o  -o cmTryCompileExec1252467591 -rdynamic  
Using built-in specs.
COLLECT_GCC=/cvmfs/cms.cern.ch/slc6_amd64_gcc530/external/gcc/5.3.0/bin/c++
COLLECT_LTO_WRAPPER=/cvmfs/cms.cern.ch/slc6_amd64_gcc530/external/gcc/5.3.0/bin/../libexec/gcc/x86_64-pc-linux-gnu/5.3.0/lto-wrapper
Target: x86_64-pc-linux-gnu
Configured with: ../configure --prefix=/mnt/build/davidlt/gcc530_final/b/tmp/BUILDROOT/d789332976c22ed699714f40f74263c7/opt/cmssw/slc6_amd64_gcc530/external/gcc/5.3.0 --disable-multilib --disable-nls --disable-dssi --enable-languages=c,c++,fortran --enable-gnu-indirect-function --enable-__cxa_atexit --disable-libunwind-exceptions --enable-gnu-unique-object --enable-plugin --with-linker-hash-style=gnu --enable-linker-build-id --enable-gold=yes --enable-ld=default --enable-lto --with-gmp=/mnt/build/davidlt/gcc530_final/b/tmp/BUILDROOT/d789332976c22ed699714f40f74263c7/opt/cmssw/slc6_amd64_gcc530/external/gcc/5.3.0 --with-mpfr=/mnt/build/davidlt/gcc530_final/b/tmp/BUILDROOT/d789332976c22ed699714f40f74263c7/opt/cmssw/slc6_amd64_gcc530/external/gcc/5.3.0 --enable-bootstrap --with-mpc=/mnt/build/davidlt/gcc530_final/b/tmp/BUILDROOT/d789332976c22ed699714f40f74263c7/opt/cmssw/slc6_amd64_gcc530/external/gcc/5.3.0 --with-isl=/mnt/build/davidlt/gcc530_final/b/tmp/BUILDROOT/d789332976c22ed699714f40f74263c7/opt/cmssw/slc6_amd64_gcc530/external/gcc/5.3.0 --with-default-libstdcxx-abi=gcc4-compatible --enable-checking=release --build=x86_64-pc-linux-gnu --host=x86_64-pc-linux-gnu --enable-libstdcxx-time=rt --enable-shared --disable-libgcj CC='gcc -fPIC' CXX='c++ -fPIC' CPP=cpp CXXCPP='c++ -E' CFLAGS=-I/mnt/build/davidlt/gcc530_final/b/tmp/BUILDROOT/d789332976c22ed699714f40f74263c7/opt/cmssw/slc6_amd64_gcc530/external/gcc/5.3.0/tmp/sw/include CXXFLAGS=-I/mnt/build/davidlt/gcc530_final/b/tmp/BUILDROOT/d789332976c22ed699714f40f74263c7/opt/cmssw/slc6_amd64_gcc530/external/gcc/5.3.0/tmp/sw/include LDFLAGS=-L/mnt/build/davidlt/gcc530_final/b/tmp/BUILDROOT/d789332976c22ed699714f40f74263c7/opt/cmssw/slc6_amd64_gcc530/external/gcc/5.3.0/tmp/sw/lib
Thread model: posix
gcc version 5.3.0 (GCC) 
COMPILER_PATH=/cvmfs/cms.cern.ch/slc6_amd64_gcc530/external/gcc/5.3.0/bin/../libexec/gcc/x86_64-pc-linux-gnu/5.3.0/:/cvmfs/cms.cern.ch/slc6_amd64_gcc530/external/gcc/5.3.0/bin/../libexec/gcc/:/cvmfs/cms.cern.ch/slc6_amd64_gcc530/external/gcc/5.3.0/bin/../lib/gcc/x86_64-pc-linux-gnu/5.3.0/../../../../x86_64-pc-linux-gnu/bin/
LIBRARY_PATH=/cvmfs/cms.cern.ch/slc6_amd64_gcc530/external/gcc/5.3.0/bin/../lib/gcc/x86_64-pc-linux-gnu/5.3.0/:/cvmfs/cms.cern.ch/slc6_amd64_gcc530/external/gcc/5.3.0/bin/../lib/gcc/:/cvmfs/cms.cern.ch/slc6_amd64_gcc530/external/gcc/5.3.0/bin/../lib/gcc/x86_64-pc-linux-gnu/5.3.0/../../../../lib64/:/lib/../lib64/:/usr/lib/../lib64/:/cvmfs/cms.cern.ch/slc6_amd64_gcc530/external/gcc/5.3.0/bin/../lib/gcc/x86_64-pc-linux-gnu/5.3.0/../../../../x86_64-pc-linux-gnu/lib/:/cvmfs/cms.cern.ch/slc6_amd64_gcc530/external/gcc/5.3.0/bin/../lib/gcc/x86_64-pc-linux-gnu/5.3.0/../../../:/lib/:/usr/lib/
COLLECT_GCC_OPTIONS='-v' '-o' 'cmTryCompileExec1252467591' '-rdynamic' '-shared-libgcc' '-mtune=generic' '-march=x86-64'
 /cvmfs/cms.cern.ch/slc6_amd64_gcc530/external/gcc/5.3.0/bin/../libexec/gcc/x86_64-pc-linux-gnu/5.3.0/collect2 -plugin /cvmfs/cms.cern.ch/slc6_amd64_gcc530/external/gcc/5.3.0/bin/../libexec/gcc/x86_64-pc-linux-gnu/5.3.0/liblto_plugin.so -plugin-opt=/cvmfs/cms.cern.ch/slc6_amd64_gcc530/external/gcc/5.3.0/bin/../libexec/gcc/x86_64-pc-linux-gnu/5.3.0/lto-wrapper -plugin-opt=-fresolution=/tmp/kaveh/cc1ZtYeB.res -plugin-opt=-pass-through=-lgcc_s -plugin-opt=-pass-through=-lgcc -plugin-opt=-pass-through=-lc -plugin-opt=-pass-through=-lgcc_s -plugin-opt=-pass-through=-lgcc --build-id --eh-frame-hdr --hash-style=gnu -m elf_x86_64 -export-dynamic -dynamic-linker /lib64/ld-linux-x86-64.so.2 -z common-page-size=4096 -z max-page-size=4096 -o cmTryCompileExec1252467591 /usr/lib/../lib64/crt1.o /usr/lib/../lib64/crti.o /cvmfs/cms.cern.ch/slc6_amd64_gcc530/external/gcc/5.3.0/bin/../lib/gcc/x86_64-pc-linux-gnu/5.3.0/crtbegin.o -L/cvmfs/cms.cern.ch/slc6_amd64_gcc530/external/gcc/5.3.0/bin/../lib/gcc/x86_64-pc-linux-gnu/5.3.0 -L/cvmfs/cms.cern.ch/slc6_amd64_gcc530/external/gcc/5.3.0/bin/../lib/gcc -L/cvmfs/cms.cern.ch/slc6_amd64_gcc530/external/gcc/5.3.0/bin/../lib/gcc/x86_64-pc-linux-gnu/5.3.0/../../../../lib64 -L/lib/../lib64 -L/usr/lib/../lib64 -L/cvmfs/cms.cern.ch/slc6_amd64_gcc530/external/gcc/5.3.0/bin/../lib/gcc/x86_64-pc-linux-gnu/5.3.0/../../../../x86_64-pc-linux-gnu/lib -L/cvmfs/cms.cern.ch/slc6_amd64_gcc530/external/gcc/5.3.0/bin/../lib/gcc/x86_64-pc-linux-gnu/5.3.0/../../.. CMakeFiles/cmTryCompileExec1252467591.dir/CMakeCXXCompilerABI.cpp.o -lstdc++ -lm -lgcc_s -lgcc -lc -lgcc_s -lgcc /cvmfs/cms.cern.ch/slc6_amd64_gcc530/external/gcc/5.3.0/bin/../lib/gcc/x86_64-pc-linux-gnu/5.3.0/crtend.o /usr/lib/../lib64/crtn.o
gmake[1]: Leaving directory '/cmsdata3/kaveh/workarea/CMSSW_8_0_26_patch1/src/whelicity1/MiniAnalyzer/plugins/CMakeFiles/CMakeTmp'


Parsed CXX implicit link information from above output:
  link line regex: [^( *|.*[/\])(ld|([^/\]+-)?ld|collect2)[^/\]*( |$)]
  ignore line: [Change Dir: /cmsdata3/kaveh/workarea/CMSSW_8_0_26_patch1/src/whelicity1/MiniAnalyzer/plugins/CMakeFiles/CMakeTmp]
  ignore line: []
  ignore line: [Run Build Command:/cvmfs/cms.cern.ch/slc6_amd64_gcc530/cms/cmssw-patch/CMSSW_8_0_26_patch1/external/slc6_amd64_gcc530/bin/gmake "cmTryCompileExec1252467591/fast"]
  ignore line: [/cvmfs/cms.cern.ch/slc6_amd64_gcc530/cms/cmssw-patch/CMSSW_8_0_26_patch1/external/slc6_amd64_gcc530/bin/gmake -f CMakeFiles/cmTryCompileExec1252467591.dir/build.make CMakeFiles/cmTryCompileExec1252467591.dir/build]
  ignore line: [gmake[1]: Entering directory '/cmsdata3/kaveh/workarea/CMSSW_8_0_26_patch1/src/whelicity1/MiniAnalyzer/plugins/CMakeFiles/CMakeTmp']
  ignore line: [/usr/bin/cmake -E cmake_progress_report /cmsdata3/kaveh/workarea/CMSSW_8_0_26_patch1/src/whelicity1/MiniAnalyzer/plugins/CMakeFiles/CMakeTmp/CMakeFiles 1]
  ignore line: [Building CXX object CMakeFiles/cmTryCompileExec1252467591.dir/CMakeCXXCompilerABI.cpp.o]
  ignore line: [/cvmfs/cms.cern.ch/slc6_amd64_gcc530/external/gcc/5.3.0/bin/c++     -o CMakeFiles/cmTryCompileExec1252467591.dir/CMakeCXXCompilerABI.cpp.o -c /usr/share/cmake/Modules/CMakeCXXCompilerABI.cpp]
  ignore line: [Linking CXX executable cmTryCompileExec1252467591]
  ignore line: [/usr/bin/cmake -E cmake_link_script CMakeFiles/cmTryCompileExec1252467591.dir/link.txt --verbose=1]
  ignore line: [/cvmfs/cms.cern.ch/slc6_amd64_gcc530/external/gcc/5.3.0/bin/c++      -v CMakeFiles/cmTryCompileExec1252467591.dir/CMakeCXXCompilerABI.cpp.o  -o cmTryCompileExec1252467591 -rdynamic  ]
  ignore line: [Using built-in specs.]
  ignore line: [COLLECT_GCC=/cvmfs/cms.cern.ch/slc6_amd64_gcc530/external/gcc/5.3.0/bin/c++]
  ignore line: [COLLECT_LTO_WRAPPER=/cvmfs/cms.cern.ch/slc6_amd64_gcc530/external/gcc/5.3.0/bin/../libexec/gcc/x86_64-pc-linux-gnu/5.3.0/lto-wrapper]
  ignore line: [Target: x86_64-pc-linux-gnu]
  ignore line: [Configured with: ../configure --prefix=/mnt/build/davidlt/gcc530_final/b/tmp/BUILDROOT/d789332976c22ed699714f40f74263c7/opt/cmssw/slc6_amd64_gcc530/external/gcc/5.3.0 --disable-multilib --disable-nls --disable-dssi --enable-languages=c,c++,fortran --enable-gnu-indirect-function --enable-__cxa_atexit --disable-libunwind-exceptions --enable-gnu-unique-object --enable-plugin --with-linker-hash-style=gnu --enable-linker-build-id --enable-gold=yes --enable-ld=default --enable-lto --with-gmp=/mnt/build/davidlt/gcc530_final/b/tmp/BUILDROOT/d789332976c22ed699714f40f74263c7/opt/cmssw/slc6_amd64_gcc530/external/gcc/5.3.0 --with-mpfr=/mnt/build/davidlt/gcc530_final/b/tmp/BUILDROOT/d789332976c22ed699714f40f74263c7/opt/cmssw/slc6_amd64_gcc530/external/gcc/5.3.0 --enable-bootstrap --with-mpc=/mnt/build/davidlt/gcc530_final/b/tmp/BUILDROOT/d789332976c22ed699714f40f74263c7/opt/cmssw/slc6_amd64_gcc530/external/gcc/5.3.0 --with-isl=/mnt/build/davidlt/gcc530_final/b/tmp/BUILDROOT/d789332976c22ed699714f40f74263c7/opt/cmssw/slc6_amd64_gcc530/external/gcc/5.3.0 --with-default-libstdcxx-abi=gcc4-compatible --enable-checking=release --build=x86_64-pc-linux-gnu --host=x86_64-pc-linux-gnu --enable-libstdcxx-time=rt --enable-shared --disable-libgcj CC='gcc -fPIC' CXX='c++ -fPIC' CPP=cpp CXXCPP='c++ -E' CFLAGS=-I/mnt/build/davidlt/gcc530_final/b/tmp/BUILDROOT/d789332976c22ed699714f40f74263c7/opt/cmssw/slc6_amd64_gcc530/external/gcc/5.3.0/tmp/sw/include CXXFLAGS=-I/mnt/build/davidlt/gcc530_final/b/tmp/BUILDROOT/d789332976c22ed699714f40f74263c7/opt/cmssw/slc6_amd64_gcc530/external/gcc/5.3.0/tmp/sw/include LDFLAGS=-L/mnt/build/davidlt/gcc530_final/b/tmp/BUILDROOT/d789332976c22ed699714f40f74263c7/opt/cmssw/slc6_amd64_gcc530/external/gcc/5.3.0/tmp/sw/lib]
  ignore line: [Thread model: posix]
  ignore line: [gcc version 5.3.0 (GCC) ]
  ignore line: [COMPILER_PATH=/cvmfs/cms.cern.ch/slc6_amd64_gcc530/external/gcc/5.3.0/bin/../libexec/gcc/x86_64-pc-linux-gnu/5.3.0/:/cvmfs/cms.cern.ch/slc6_amd64_gcc530/external/gcc/5.3.0/bin/../libexec/gcc/:/cvmfs/cms.cern.ch/slc6_amd64_gcc530/external/gcc/5.3.0/bin/../lib/gcc/x86_64-pc-linux-gnu/5.3.0/../../../../x86_64-pc-linux-gnu/bin/]
  ignore line: [LIBRARY_PATH=/cvmfs/cms.cern.ch/slc6_amd64_gcc530/external/gcc/5.3.0/bin/../lib/gcc/x86_64-pc-linux-gnu/5.3.0/:/cvmfs/cms.cern.ch/slc6_amd64_gcc530/external/gcc/5.3.0/bin/../lib/gcc/:/cvmfs/cms.cern.ch/slc6_amd64_gcc530/external/gcc/5.3.0/bin/../lib/gcc/x86_64-pc-linux-gnu/5.3.0/../../../../lib64/:/lib/../lib64/:/usr/lib/../lib64/:/cvmfs/cms.cern.ch/slc6_amd64_gcc530/external/gcc/5.3.0/bin/../lib/gcc/x86_64-pc-linux-gnu/5.3.0/../../../../x86_64-pc-linux-gnu/lib/:/cvmfs/cms.cern.ch/slc6_amd64_gcc530/external/gcc/5.3.0/bin/../lib/gcc/x86_64-pc-linux-gnu/5.3.0/../../../:/lib/:/usr/lib/]
  ignore line: [COLLECT_GCC_OPTIONS='-v' '-o' 'cmTryCompileExec1252467591' '-rdynamic' '-shared-libgcc' '-mtune=generic' '-march=x86-64']
  link line: [ /cvmfs/cms.cern.ch/slc6_amd64_gcc530/external/gcc/5.3.0/bin/../libexec/gcc/x86_64-pc-linux-gnu/5.3.0/collect2 -plugin /cvmfs/cms.cern.ch/slc6_amd64_gcc530/external/gcc/5.3.0/bin/../libexec/gcc/x86_64-pc-linux-gnu/5.3.0/liblto_plugin.so -plugin-opt=/cvmfs/cms.cern.ch/slc6_amd64_gcc530/external/gcc/5.3.0/bin/../libexec/gcc/x86_64-pc-linux-gnu/5.3.0/lto-wrapper -plugin-opt=-fresolution=/tmp/kaveh/cc1ZtYeB.res -plugin-opt=-pass-through=-lgcc_s -plugin-opt=-pass-through=-lgcc -plugin-opt=-pass-through=-lc -plugin-opt=-pass-through=-lgcc_s -plugin-opt=-pass-through=-lgcc --build-id --eh-frame-hdr --hash-style=gnu -m elf_x86_64 -export-dynamic -dynamic-linker /lib64/ld-linux-x86-64.so.2 -z common-page-size=4096 -z max-page-size=4096 -o cmTryCompileExec1252467591 /usr/lib/../lib64/crt1.o /usr/lib/../lib64/crti.o /cvmfs/cms.cern.ch/slc6_amd64_gcc530/external/gcc/5.3.0/bin/../lib/gcc/x86_64-pc-linux-gnu/5.3.0/crtbegin.o -L/cvmfs/cms.cern.ch/slc6_amd64_gcc530/external/gcc/5.3.0/bin/../lib/gcc/x86_64-pc-linux-gnu/5.3.0 -L/cvmfs/cms.cern.ch/slc6_amd64_gcc530/external/gcc/5.3.0/bin/../lib/gcc -L/cvmfs/cms.cern.ch/slc6_amd64_gcc530/external/gcc/5.3.0/bin/../lib/gcc/x86_64-pc-linux-gnu/5.3.0/../../../../lib64 -L/lib/../lib64 -L/usr/lib/../lib64 -L/cvmfs/cms.cern.ch/slc6_amd64_gcc530/external/gcc/5.3.0/bin/../lib/gcc/x86_64-pc-linux-gnu/5.3.0/../../../../x86_64-pc-linux-gnu/lib -L/cvmfs/cms.cern.ch/slc6_amd64_gcc530/external/gcc/5.3.0/bin/../lib/gcc/x86_64-pc-linux-gnu/5.3.0/../../.. CMakeFiles/cmTryCompileExec1252467591.dir/CMakeCXXCompilerABI.cpp.o -lstdc++ -lm -lgcc_s -lgcc -lc -lgcc_s -lgcc /cvmfs/cms.cern.ch/slc6_amd64_gcc530/external/gcc/5.3.0/bin/../lib/gcc/x86_64-pc-linux-gnu/5.3.0/crtend.o /usr/lib/../lib64/crtn.o]
    arg [/cvmfs/cms.cern.ch/slc6_amd64_gcc530/external/gcc/5.3.0/bin/../libexec/gcc/x86_64-pc-linux-gnu/5.3.0/collect2] ==> ignore
    arg [-plugin] ==> ignore
    arg [/cvmfs/cms.cern.ch/slc6_amd64_gcc530/external/gcc/5.3.0/bin/../libexec/gcc/x86_64-pc-linux-gnu/5.3.0/liblto_plugin.so] ==> ignore
    arg [-plugin-opt=/cvmfs/cms.cern.ch/slc6_amd64_gcc530/external/gcc/5.3.0/bin/../libexec/gcc/x86_64-pc-linux-gnu/5.3.0/lto-wrapper] ==> ignore
    arg [-plugin-opt=-fresolution=/tmp/kaveh/cc1ZtYeB.res] ==> ignore
    arg [-plugin-opt=-pass-through=-lgcc_s] ==> ignore
    arg [-plugin-opt=-pass-through=-lgcc] ==> ignore
    arg [-plugin-opt=-pass-through=-lc] ==> ignore
    arg [-plugin-opt=-pass-through=-lgcc_s] ==> ignore
    arg [-plugin-opt=-pass-through=-lgcc] ==> ignore
    arg [--build-id] ==> ignore
    arg [--eh-frame-hdr] ==> ignore
    arg [--hash-style=gnu] ==> ignore
    arg [-m] ==> ignore
    arg [elf_x86_64] ==> ignore
    arg [-export-dynamic] ==> ignore
    arg [-dynamic-linker] ==> ignore
    arg [/lib64/ld-linux-x86-64.so.2] ==> ignore
    arg [-zcommon-page-size=4096] ==> ignore
    arg [-zmax-page-size=4096] ==> ignore
    arg [-o] ==> ignore
    arg [cmTryCompileExec1252467591] ==> ignore
    arg [/usr/lib/../lib64/crt1.o] ==> ignore
    arg [/usr/lib/../lib64/crti.o] ==> ignore
    arg [/cvmfs/cms.cern.ch/slc6_amd64_gcc530/external/gcc/5.3.0/bin/../lib/gcc/x86_64-pc-linux-gnu/5.3.0/crtbegin.o] ==> ignore
    arg [-L/cvmfs/cms.cern.ch/slc6_amd64_gcc530/external/gcc/5.3.0/bin/../lib/gcc/x86_64-pc-linux-gnu/5.3.0] ==> dir [/cvmfs/cms.cern.ch/slc6_amd64_gcc530/external/gcc/5.3.0/bin/../lib/gcc/x86_64-pc-linux-gnu/5.3.0]
    arg [-L/cvmfs/cms.cern.ch/slc6_amd64_gcc530/external/gcc/5.3.0/bin/../lib/gcc] ==> dir [/cvmfs/cms.cern.ch/slc6_amd64_gcc530/external/gcc/5.3.0/bin/../lib/gcc]
    arg [-L/cvmfs/cms.cern.ch/slc6_amd64_gcc530/external/gcc/5.3.0/bin/../lib/gcc/x86_64-pc-linux-gnu/5.3.0/../../../../lib64] ==> dir [/cvmfs/cms.cern.ch/slc6_amd64_gcc530/external/gcc/5.3.0/bin/../lib/gcc/x86_64-pc-linux-gnu/5.3.0/../../../../lib64]
    arg [-L/lib/../lib64] ==> dir [/lib/../lib64]
    arg [-L/usr/lib/../lib64] ==> dir [/usr/lib/../lib64]
    arg [-L/cvmfs/cms.cern.ch/slc6_amd64_gcc530/external/gcc/5.3.0/bin/../lib/gcc/x86_64-pc-linux-gnu/5.3.0/../../../../x86_64-pc-linux-gnu/lib] ==> dir [/cvmfs/cms.cern.ch/slc6_amd64_gcc530/external/gcc/5.3.0/bin/../lib/gcc/x86_64-pc-linux-gnu/5.3.0/../../../../x86_64-pc-linux-gnu/lib]
    arg [-L/cvmfs/cms.cern.ch/slc6_amd64_gcc530/external/gcc/5.3.0/bin/../lib/gcc/x86_64-pc-linux-gnu/5.3.0/../../..] ==> dir [/cvmfs/cms.cern.ch/slc6_amd64_gcc530/external/gcc/5.3.0/bin/../lib/gcc/x86_64-pc-linux-gnu/5.3.0/../../..]
    arg [CMakeFiles/cmTryCompileExec1252467591.dir/CMakeCXXCompilerABI.cpp.o] ==> ignore
    arg [-lstdc++] ==> lib [stdc++]
    arg [-lm] ==> lib [m]
    arg [-lgcc_s] ==> lib [gcc_s]
    arg [-lgcc] ==> lib [gcc]
    arg [-lc] ==> lib [c]
    arg [-lgcc_s] ==> lib [gcc_s]
    arg [-lgcc] ==> lib [gcc]
    arg [/cvmfs/cms.cern.ch/slc6_amd64_gcc530/external/gcc/5.3.0/bin/../lib/gcc/x86_64-pc-linux-gnu/5.3.0/crtend.o] ==> ignore
    arg [/usr/lib/../lib64/crtn.o] ==> ignore
  remove lib [gcc_s]
  remove lib [gcc]
  remove lib [gcc_s]
  remove lib [gcc]
  collapse library dir [/cvmfs/cms.cern.ch/slc6_amd64_gcc530/external/gcc/5.3.0/bin/../lib/gcc/x86_64-pc-linux-gnu/5.3.0] ==> [/cvmfs/cms.cern.ch/slc6_amd64_gcc530/external/gcc/5.3.0/lib/gcc/x86_64-pc-linux-gnu/5.3.0]
  collapse library dir [/cvmfs/cms.cern.ch/slc6_amd64_gcc530/external/gcc/5.3.0/bin/../lib/gcc] ==> [/cvmfs/cms.cern.ch/slc6_amd64_gcc530/external/gcc/5.3.0/lib/gcc]
  collapse library dir [/cvmfs/cms.cern.ch/slc6_amd64_gcc530/external/gcc/5.3.0/bin/../lib/gcc/x86_64-pc-linux-gnu/5.3.0/../../../../lib64] ==> [/cvmfs/cms.cern.ch/slc6_amd64_gcc530/external/gcc/5.3.0/lib64]
  collapse library dir [/lib/../lib64] ==> [/lib64]
  collapse library dir [/usr/lib/../lib64] ==> [/usr/lib64]
  collapse library dir [/cvmfs/cms.cern.ch/slc6_amd64_gcc530/external/gcc/5.3.0/bin/../lib/gcc/x86_64-pc-linux-gnu/5.3.0/../../../../x86_64-pc-linux-gnu/lib] ==> [/cvmfs/cms.cern.ch/slc6_amd64_gcc530/external/gcc/5.3.0/x86_64-pc-linux-gnu/lib]
  collapse library dir [/cvmfs/cms.cern.ch/slc6_amd64_gcc530/external/gcc/5.3.0/bin/../lib/gcc/x86_64-pc-linux-gnu/5.3.0/../../..] ==> [/cvmfs/cms.cern.ch/slc6_amd64_gcc530/external/gcc/5.3.0/lib]
  implicit libs: [stdc++;m;c]
  implicit dirs: [/cvmfs/cms.cern.ch/slc6_amd64_gcc530/external/gcc/5.3.0/lib/gcc/x86_64-pc-linux-gnu/5.3.0;/cvmfs/cms.cern.ch/slc6_amd64_gcc530/external/gcc/5.3.0/lib/gcc;/cvmfs/cms.cern.ch/slc6_amd64_gcc530/external/gcc/5.3.0/lib64;/lib64;/usr/lib64;/cvmfs/cms.cern.ch/slc6_amd64_gcc530/external/gcc/5.3.0/x86_64-pc-linux-gnu/lib;/cvmfs/cms.cern.ch/slc6_amd64_gcc530/external/gcc/5.3.0/lib]
  implicit fwks: []


